#
# There is insufficient memory for the Java Runtime Environment to continue.
# Native memory allocation (malloc) failed to allocate 966784 bytes. Error detail: Chunk::new
# Possible reasons:
#   The system is out of physical RAM or swap space
#   This process is running with CompressedOops enabled, and the Java Heap may be blocking the growth of the native heap
# Possible solutions:
#   Reduce memory load on the system
#   Increase physical memory or swap space
#   Check if swap backing store is full
#   Decrease Java heap size (-Xmx/-Xms)
#   Decrease number of Java threads
#   Decrease Java thread stack sizes (-Xss)
#   Set larger code cache with -XX:ReservedCodeCacheSize=
#   JVM is running with Unscaled Compressed Oops mode in which the Java heap is
#     placed in the first 4GB address space. The Java Heap base address is the
#     maximum limit for the native heap growth. Please use -XX:HeapBaseMinAddress
#     to set the Java Heap base and to place the Java Heap above 4GB virtual address.
# This output file may be truncated or incomplete.
#
#  Out of Memory Error (arena.cpp:191), pid=12428, tid=9776
#
# JRE version: OpenJDK Runtime Environment (17.0.11) (build 17.0.11+0--11852314)
# Java VM: OpenJDK 64-Bit Server VM (17.0.11+0--11852314, mixed mode, tiered, compressed oops, compressed class ptrs, g1 gc, windows-amd64)
# No core dump will be written. Minidumps are not enabled by default on client versions of Windows
#

---------------  S U M M A R Y ------------

Command Line: --add-opens=java.base/java.util=ALL-UNNAMED --add-opens=java.base/java.lang=ALL-UNNAMED --add-opens=java.base/java.lang.invoke=ALL-UNNAMED --add-opens=java.prefs/java.util.prefs=ALL-UNNAMED --add-opens=java.base/java.nio.charset=ALL-UNNAMED --add-opens=java.base/java.net=ALL-UNNAMED --add-opens=java.base/java.util.concurrent.atomic=ALL-UNNAMED -Xmx2048m -Dfile.encoding=UTF-8 -Duser.country=RU -Duser.language=ru -Duser.variant -javaagent:C:\Users\Lenovo\.gradle\wrapper\dists\gradle-8.7-bin\bhs2wmbdwecv87pi65oeuq5iu\gradle-8.7\lib\agents\gradle-instrumentation-agent-8.7.jar org.gradle.launcher.daemon.bootstrap.GradleDaemon 8.7

Host: Intel(R) Core(TM) i3-1005G1 CPU @ 1.20GHz, 4 cores, 3G,  Windows 10 , 64 bit Build 19041 (10.0.19041.4957)
Time: Wed Nov  6 19:35:33 2024 RTZ 2 (s 10 , 64 bit Build 19041 (10.0.19041.4957) elapsed time: 22.304532 seconds (0d 0h 0m 22s)

---------------  T H R E A D  ---------------

Current thread (0x000001fa7e2abc80):  JavaThread "C2 CompilerThread0" daemon [_thread_in_native, id=9776, stack(0x00000063c2600000,0x00000063c2700000)]


Current CompileTask:
C2:  22305 6698       4       jdk.internal.loader.Resource::getByteBuffer (24 bytes)

Stack: [0x00000063c2600000,0x00000063c2700000]
Native frames: (J=compiled Java code, j=interpreted, Vv=VM code, C=native code)
V  [jvm.dll+0x687bb9]
V  [jvm.dll+0x84142a]
V  [jvm.dll+0x8430ae]
V  [jvm.dll+0x843713]
V  [jvm.dll+0x24a35f]
V  [jvm.dll+0xac544]
V  [jvm.dll+0xacb8c]
V  [jvm.dll+0x369c37]
V  [jvm.dll+0x1be312]
V  [jvm.dll+0x21c029]
V  [jvm.dll+0x21b311]
V  [jvm.dll+0x1a63ed]
V  [jvm.dll+0x22b1ee]
V  [jvm.dll+0x229375]
V  [jvm.dll+0x7f5647]
V  [jvm.dll+0x7efa4a]
V  [jvm.dll+0x686a35]
C  [ucrtbase.dll+0x21bb2]
C  [KERNEL32.DLL+0x17374]
C  [ntdll.dll+0x4cc91]


---------------  P R O C E S S  ---------------

Threads class SMR info:
_java_thread_list=0x000001fa14b58d10, length=39, elements={
0x000001fa73cadbc0, 0x000001fa7e258b00, 0x000001fa7e25a860, 0x000001fa7e277d10,
0x000001fa7e27c700, 0x000001fa7e2aa3a0, 0x000001fa7e2aac70, 0x000001fa7e2abc80,
0x000001fa7e2afb40, 0x000001fa7e2b2860, 0x000001fa7e5bdbf0, 0x000001fa7e7b0ad0,
0x000001fa13cc4c70, 0x000001fa132884f0, 0x000001fa13133b10, 0x000001fa136d6480,
0x000001fa1357c7a0, 0x000001fa13962400, 0x000001fa13962910, 0x000001fa13960ab0,
0x000001fa13961ef0, 0x000001fa13960fc0, 0x000001fa139619e0, 0x000001fa13962e20,
0x000001fa13963330, 0x000001fa13963840, 0x000001fa13960090, 0x000001fa139605a0,
0x000001fa14b2f750, 0x000001fa14b2f240, 0x000001fa14b31fd0, 0x000001fa14b310a0,
0x000001fa14b329f0, 0x000001fa14b315b0, 0x000001fa14b324e0, 0x000001fa14b31ac0,
0x000001fa14b2b580, 0x000001fa14b2d3e0, 0x000001fa14b2c9c0
}

Java Threads: ( => current thread )
  0x000001fa73cadbc0 JavaThread "main" [_thread_blocked, id=10336, stack(0x00000063c1900000,0x00000063c1a00000)]
  0x000001fa7e258b00 JavaThread "Reference Handler" daemon [_thread_blocked, id=3036, stack(0x00000063c2000000,0x00000063c2100000)]
  0x000001fa7e25a860 JavaThread "Finalizer" daemon [_thread_blocked, id=11024, stack(0x00000063c2100000,0x00000063c2200000)]
  0x000001fa7e277d10 JavaThread "Signal Dispatcher" daemon [_thread_blocked, id=7988, stack(0x00000063c2200000,0x00000063c2300000)]
  0x000001fa7e27c700 JavaThread "Attach Listener" daemon [_thread_blocked, id=13436, stack(0x00000063c2300000,0x00000063c2400000)]
  0x000001fa7e2aa3a0 JavaThread "Service Thread" daemon [_thread_blocked, id=6324, stack(0x00000063c2400000,0x00000063c2500000)]
  0x000001fa7e2aac70 JavaThread "Monitor Deflation Thread" daemon [_thread_blocked, id=8200, stack(0x00000063c2500000,0x00000063c2600000)]
=>0x000001fa7e2abc80 JavaThread "C2 CompilerThread0" daemon [_thread_in_native, id=9776, stack(0x00000063c2600000,0x00000063c2700000)]
  0x000001fa7e2afb40 JavaThread "C1 CompilerThread0" daemon [_thread_blocked, id=13832, stack(0x00000063c2700000,0x00000063c2800000)]
  0x000001fa7e2b2860 JavaThread "Sweeper thread" daemon [_thread_blocked, id=14252, stack(0x00000063c2800000,0x00000063c2900000)]
  0x000001fa7e5bdbf0 JavaThread "Common-Cleaner" daemon [_thread_blocked, id=5972, stack(0x00000063c2900000,0x00000063c2a00000)]
  0x000001fa7e7b0ad0 JavaThread "Notification Thread" daemon [_thread_blocked, id=13860, stack(0x00000063c2a00000,0x00000063c2b00000)]
  0x000001fa13cc4c70 JavaThread "Daemon health stats" [_thread_blocked, id=13964, stack(0x00000063c2f00000,0x00000063c3000000)]
  0x000001fa132884f0 JavaThread "Incoming local TCP Connector on port 51016" [_thread_in_native, id=7460, stack(0x00000063c3000000,0x00000063c3100000)]
  0x000001fa13133b10 JavaThread "Daemon periodic checks" [_thread_blocked, id=13976, stack(0x00000063c3100000,0x00000063c3200000)]
  0x000001fa136d6480 JavaThread "Daemon" [_thread_blocked, id=11372, stack(0x00000063c3200000,0x00000063c3300000)]
  0x000001fa1357c7a0 JavaThread "Handler for socket connection from /127.0.0.1:51016 to /127.0.0.1:51017" [_thread_in_native, id=2844, stack(0x00000063c3300000,0x00000063c3400000)]
  0x000001fa13962400 JavaThread "Cancel handler" [_thread_blocked, id=7840, stack(0x00000063c3400000,0x00000063c3500000)]
  0x000001fa13962910 JavaThread "Daemon worker" [_thread_in_native, id=4032, stack(0x00000063c3500000,0x00000063c3600000)]
  0x000001fa13960ab0 JavaThread "Asynchronous log dispatcher for DefaultDaemonConnection: socket connection from /127.0.0.1:51016 to /127.0.0.1:51017" [_thread_blocked, id=13452, stack(0x00000063c3600000,0x00000063c3700000)]
  0x000001fa13961ef0 JavaThread "Stdin handler" [_thread_blocked, id=13352, stack(0x00000063c3700000,0x00000063c3800000)]
  0x000001fa13960fc0 JavaThread "Daemon client event forwarder" [_thread_blocked, id=8864, stack(0x00000063c3800000,0x00000063c3900000)]
  0x000001fa139619e0 JavaThread "Cache worker for journal cache (C:\Users\Lenovo\.gradle\caches\journal-1)" [_thread_blocked, id=14136, stack(0x00000063c3900000,0x00000063c3a00000)]
  0x000001fa13962e20 JavaThread "File lock request listener" [_thread_in_native, id=14072, stack(0x00000063c3a00000,0x00000063c3b00000)]
  0x000001fa13963330 JavaThread "Cache worker for file hash cache (C:\Users\Lenovo\.gradle\caches\8.7\fileHashes)" [_thread_blocked, id=8608, stack(0x00000063c3b00000,0x00000063c3c00000)]
  0x000001fa13963840 JavaThread "Cache worker for file hash cache (C:\Users\Lenovo\Desktop\AndroidProject\Donchenko5Task\.gradle\8.7\fileHashes)" [_thread_blocked, id=7708, stack(0x00000063c3c00000,0x00000063c3d00000)]
  0x000001fa13960090 JavaThread "File watcher server" daemon [_thread_in_native, id=14068, stack(0x00000063c3d00000,0x00000063c3e00000)]
  0x000001fa139605a0 JavaThread "File watcher consumer" daemon [_thread_blocked, id=13796, stack(0x00000063c3e00000,0x00000063c3f00000)]
  0x000001fa14b2f750 JavaThread "Cache worker for checksums cache (C:\Users\Lenovo\Desktop\AndroidProject\Donchenko5Task\.gradle\8.7\checksums)" [_thread_blocked, id=7152, stack(0x00000063c3f00000,0x00000063c4000000)]
  0x000001fa14b2f240 JavaThread "Cache worker for cache directory md-supplier (C:\Users\Lenovo\.gradle\caches\8.7\md-supplier)" [_thread_blocked, id=13416, stack(0x00000063c4000000,0x00000063c4100000)]
  0x000001fa14b31fd0 JavaThread "Cache worker for cache directory md-rule (C:\Users\Lenovo\.gradle\caches\8.7\md-rule)" [_thread_blocked, id=6276, stack(0x00000063c4100000,0x00000063c4200000)]
  0x000001fa14b310a0 JavaThread "Cache worker for file content cache (C:\Users\Lenovo\.gradle\caches\8.7\fileContent)" [_thread_blocked, id=3872, stack(0x00000063c4200000,0x00000063c4300000)]
  0x000001fa14b329f0 JavaThread "Cache worker for Build Output Cleanup Cache (C:\Users\Lenovo\Desktop\AndroidProject\Donchenko5Task\.gradle\buildOutputCleanup)" [_thread_blocked, id=13732, stack(0x00000063c4300000,0x00000063c4400000)]
  0x000001fa14b315b0 JavaThread "Unconstrained build operations" [_thread_blocked, id=9340, stack(0x00000063c4400000,0x00000063c4500000)]
  0x000001fa14b324e0 JavaThread "Unconstrained build operations Thread 2" [_thread_blocked, id=13340, stack(0x00000063c4500000,0x00000063c4600000)]
  0x000001fa14b31ac0 JavaThread "Unconstrained build operations Thread 3" [_thread_blocked, id=9044, stack(0x00000063c4600000,0x00000063c4700000)]
  0x000001fa14b2b580 JavaThread "Unconstrained build operations Thread 4" [_thread_blocked, id=13604, stack(0x00000063c4700000,0x00000063c4800000)]
  0x000001fa14b2d3e0 JavaThread "Unconstrained build operations Thread 5" [_thread_blocked, id=5944, stack(0x00000063c4800000,0x00000063c4900000)]
  0x000001fa14b2c9c0 JavaThread "Unconstrained build operations Thread 6" [_thread_blocked, id=3512, stack(0x00000063c4900000,0x00000063c4a00000)]

Other Threads:
  0x000001fa7e2548b0 VMThread "VM Thread" [stack: 0x00000063c1f00000,0x00000063c2000000] [id=5636]
  0x000001fa7e71c200 WatcherThread [stack: 0x00000063c2b00000,0x00000063c2c00000] [id=14236]
  0x000001fa73d0b1a0 GCTaskThread "GC Thread#0" [stack: 0x00000063c1a00000,0x00000063c1b00000] [id=8772]
  0x000001fa7e98b770 GCTaskThread "GC Thread#1" [stack: 0x00000063c2c00000,0x00000063c2d00000] [id=13112]
  0x000001fa7e76b0a0 GCTaskThread "GC Thread#2" [stack: 0x00000063c2d00000,0x00000063c2e00000] [id=13668]
  0x000001fa7e8853f0 GCTaskThread "GC Thread#3" [stack: 0x00000063c2e00000,0x00000063c2f00000] [id=5460]
  0x000001fa73d1c000 ConcurrentGCThread "G1 Main Marker" [stack: 0x00000063c1b00000,0x00000063c1c00000] [id=7928]
  0x000001fa73d1c930 ConcurrentGCThread "G1 Conc#0" [stack: 0x00000063c1c00000,0x00000063c1d00000] [id=8024]
  0x000001fa73d59d50 ConcurrentGCThread "G1 Refine#0" [stack: 0x00000063c1d00000,0x00000063c1e00000] [id=12456]
  0x000001fa73d5b6a0 ConcurrentGCThread "G1 Service" [stack: 0x00000063c1e00000,0x00000063c1f00000] [id=10424]

Threads with active compile tasks:
C2 CompilerThread0    22360 6698       4       jdk.internal.loader.Resource::getByteBuffer (24 bytes)

VM state: not at safepoint (normal execution)

VM Mutex/Monitor currently owned by a thread: None

Heap address: 0x0000000080000000, size: 2048 MB, Compressed Oops mode: 32-bit

CDS archive(s) not mapped
Compressed class space mapped at: 0x0000000100000000-0x0000000140000000, reserved size: 1073741824
Narrow klass base: 0x0000000000000000, Narrow klass shift: 3, Narrow klass range: 0x140000000

GC Precious Log:
 CPUs: 4 total, 4 available
 Memory: 3838M
 Large Page Support: Disabled
 NUMA Support: Disabled
 Compressed Oops: Enabled (32-bit)
 Heap Region Size: 1M
 Heap Min Capacity: 8M
 Heap Initial Capacity: 60M
 Heap Max Capacity: 2G
 Pre-touch: Disabled
 Parallel Workers: 4
 Concurrent Workers: 1
 Concurrent Refinement Workers: 4
 Periodic GC: Disabled

Heap:
 garbage-first heap   total 75776K, used 47954K [0x0000000080000000, 0x0000000100000000)
  region size 1024K, 3 young (3072K), 2 survivors (2048K)
 Metaspace       used 57227K, committed 57856K, reserved 1114112K
  class space    used 7833K, committed 8128K, reserved 1048576K

Heap Regions: E=young(eden), S=young(survivor), O=old, HS=humongous(starts), HC=humongous(continues), CS=collection set, F=free, OA=open archive, CA=closed archive, TAMS=top-at-mark-start (previous, next)
|   0|0x0000000080000000, 0x0000000080100000, 0x0000000080100000|100%| O|  |TAMS 0x0000000080100000, 0x0000000080000000| Untracked 
|   1|0x0000000080100000, 0x0000000080200000, 0x0000000080200000|100%|HS|  |TAMS 0x0000000080200000, 0x0000000080100000| Complete 
|   2|0x0000000080200000, 0x0000000080300000, 0x0000000080300000|100%|HC|  |TAMS 0x0000000080300000, 0x0000000080200000| Complete 
|   3|0x0000000080300000, 0x0000000080400000, 0x0000000080400000|100%|HC|  |TAMS 0x0000000080400000, 0x0000000080300000| Complete 
|   4|0x0000000080400000, 0x0000000080500000, 0x0000000080500000|100%|HC|  |TAMS 0x0000000080500000, 0x0000000080400000| Complete 
|   5|0x0000000080500000, 0x0000000080600000, 0x0000000080600000|100%| O|  |TAMS 0x0000000080600000, 0x0000000080500000| Untracked 
|   6|0x0000000080600000, 0x0000000080700000, 0x0000000080700000|100%| O|  |TAMS 0x0000000080700000, 0x0000000080600000| Untracked 
|   7|0x0000000080700000, 0x0000000080800000, 0x0000000080800000|100%| O|  |TAMS 0x0000000080800000, 0x0000000080700000| Untracked 
|   8|0x0000000080800000, 0x0000000080900000, 0x0000000080900000|100%| O|  |TAMS 0x0000000080900000, 0x0000000080800000| Untracked 
|   9|0x0000000080900000, 0x0000000080a00000, 0x0000000080a00000|100%| O|  |TAMS 0x0000000080a00000, 0x0000000080900000| Untracked 
|  10|0x0000000080a00000, 0x0000000080b00000, 0x0000000080b00000|100%| O|  |TAMS 0x0000000080b00000, 0x0000000080a00000| Untracked 
|  11|0x0000000080b00000, 0x0000000080c00000, 0x0000000080c00000|100%| O|  |TAMS 0x0000000080c00000, 0x0000000080b00000| Untracked 
|  12|0x0000000080c00000, 0x0000000080d00000, 0x0000000080d00000|100%| O|  |TAMS 0x0000000080d00000, 0x0000000080c00000| Untracked 
|  13|0x0000000080d00000, 0x0000000080e00000, 0x0000000080e00000|100%| O|  |TAMS 0x0000000080e00000, 0x0000000080d00000| Untracked 
|  14|0x0000000080e00000, 0x0000000080f00000, 0x0000000080f00000|100%| O|  |TAMS 0x0000000080f00000, 0x0000000080e00000| Untracked 
|  15|0x0000000080f00000, 0x0000000081000000, 0x0000000081000000|100%| O|  |TAMS 0x0000000081000000, 0x0000000080f00000| Untracked 
|  16|0x0000000081000000, 0x0000000081100000, 0x0000000081100000|100%| O|  |TAMS 0x0000000081100000, 0x0000000081000000| Untracked 
|  17|0x0000000081100000, 0x0000000081200000, 0x0000000081200000|100%| O|  |TAMS 0x0000000081200000, 0x0000000081100000| Untracked 
|  18|0x0000000081200000, 0x0000000081300000, 0x0000000081300000|100%| O|  |TAMS 0x0000000081300000, 0x0000000081200000| Untracked 
|  19|0x0000000081300000, 0x0000000081400000, 0x0000000081400000|100%| O|  |TAMS 0x0000000081400000, 0x0000000081300000| Untracked 
|  20|0x0000000081400000, 0x0000000081500000, 0x0000000081500000|100%| O|  |TAMS 0x0000000081500000, 0x0000000081400000| Untracked 
|  21|0x0000000081500000, 0x0000000081600000, 0x0000000081600000|100%| O|  |TAMS 0x0000000081600000, 0x0000000081500000| Untracked 
|  22|0x0000000081600000, 0x0000000081700000, 0x0000000081700000|100%| O|  |TAMS 0x0000000081700000, 0x0000000081600000| Untracked 
|  23|0x0000000081700000, 0x0000000081800000, 0x0000000081800000|100%| O|  |TAMS 0x0000000081800000, 0x0000000081700000| Untracked 
|  24|0x0000000081800000, 0x0000000081900000, 0x0000000081900000|100%| O|  |TAMS 0x0000000081900000, 0x0000000081800000| Complete 
|  25|0x0000000081900000, 0x0000000081a00000, 0x0000000081a00000|100%| O|  |TAMS 0x0000000081a00000, 0x0000000081900000| Untracked 
|  26|0x0000000081a00000, 0x0000000081b00000, 0x0000000081b00000|100%| O|  |TAMS 0x0000000081b00000, 0x0000000081a00000| Untracked 
|  27|0x0000000081b00000, 0x0000000081c00000, 0x0000000081c00000|100%| O|  |TAMS 0x0000000081c00000, 0x0000000081b00000| Untracked 
|  28|0x0000000081c00000, 0x0000000081d00000, 0x0000000081d00000|100%| O|  |TAMS 0x0000000081d00000, 0x0000000081c00000| Untracked 
|  29|0x0000000081d00000, 0x0000000081e00000, 0x0000000081e00000|100%| O|  |TAMS 0x0000000081e00000, 0x0000000081d00000| Untracked 
|  30|0x0000000081e00000, 0x0000000081f00000, 0x0000000081f00000|100%| O|  |TAMS 0x0000000081f00000, 0x0000000081e00000| Untracked 
|  31|0x0000000081f00000, 0x0000000082000000, 0x0000000082000000|100%| O|  |TAMS 0x0000000082000000, 0x0000000081f00000| Untracked 
|  32|0x0000000082000000, 0x0000000082100000, 0x0000000082100000|100%| O|  |TAMS 0x0000000082100000, 0x0000000082000000| Untracked 
|  33|0x0000000082100000, 0x0000000082200000, 0x0000000082200000|100%| O|  |TAMS 0x0000000082200000, 0x0000000082100000| Untracked 
|  34|0x0000000082200000, 0x0000000082300000, 0x0000000082300000|100%| O|  |TAMS 0x0000000082300000, 0x0000000082200000| Untracked 
|  35|0x0000000082300000, 0x0000000082400000, 0x0000000082400000|100%| O|  |TAMS 0x0000000082400000, 0x0000000082300000| Untracked 
|  36|0x0000000082400000, 0x0000000082500000, 0x0000000082500000|100%| O|  |TAMS 0x0000000082500000, 0x0000000082400000| Untracked 
|  37|0x0000000082500000, 0x0000000082600000, 0x0000000082600000|100%| O|  |TAMS 0x00000000825bec00, 0x0000000082500000| Untracked 
|  38|0x0000000082600000, 0x0000000082700000, 0x0000000082700000|100%| O|  |TAMS 0x0000000082600000, 0x0000000082600000| Untracked 
|  39|0x0000000082700000, 0x0000000082800000, 0x0000000082800000|100%| O|  |TAMS 0x0000000082700000, 0x0000000082700000| Untracked 
|  40|0x0000000082800000, 0x0000000082900000, 0x0000000082900000|100%|HS|  |TAMS 0x0000000082800000, 0x0000000082800000| Complete 
|  41|0x0000000082900000, 0x0000000082a00000, 0x0000000082a00000|100%|HS|  |TAMS 0x0000000082900000, 0x0000000082900000| Complete 
|  42|0x0000000082a00000, 0x0000000082b00000, 0x0000000082b00000|100%|HS|  |TAMS 0x0000000082a00000, 0x0000000082a00000| Complete 
|  43|0x0000000082b00000, 0x0000000082c00000, 0x0000000082c00000|100%| O|  |TAMS 0x0000000082b00000, 0x0000000082b00000| Untracked 
|  44|0x0000000082c00000, 0x0000000082cfd200, 0x0000000082d00000| 98%| O|  |TAMS 0x0000000082c00000, 0x0000000082c00000| Untracked 
|  45|0x0000000082d00000, 0x0000000082d00000, 0x0000000082e00000|  0%| F|  |TAMS 0x0000000082d00000, 0x0000000082d00000| Untracked 
|  46|0x0000000082e00000, 0x0000000082e00000, 0x0000000082f00000|  0%| F|  |TAMS 0x0000000082e00000, 0x0000000082e00000| Untracked 
|  47|0x0000000082f00000, 0x0000000082f00000, 0x0000000083000000|  0%| F|  |TAMS 0x0000000082f00000, 0x0000000082f00000| Untracked 
|  48|0x0000000083000000, 0x0000000083000000, 0x0000000083100000|  0%| F|  |TAMS 0x0000000083000000, 0x0000000083000000| Untracked 
|  49|0x0000000083100000, 0x0000000083100000, 0x0000000083200000|  0%| F|  |TAMS 0x0000000083100000, 0x0000000083100000| Untracked 
|  50|0x0000000083200000, 0x0000000083200000, 0x0000000083300000|  0%| F|  |TAMS 0x0000000083200000, 0x0000000083200000| Untracked 
|  51|0x0000000083300000, 0x0000000083300000, 0x0000000083400000|  0%| F|  |TAMS 0x0000000083300000, 0x0000000083300000| Untracked 
|  52|0x0000000083400000, 0x0000000083400000, 0x0000000083500000|  0%| F|  |TAMS 0x0000000083400000, 0x0000000083400000| Untracked 
|  53|0x0000000083500000, 0x0000000083500000, 0x0000000083600000|  0%| F|  |TAMS 0x0000000083500000, 0x0000000083500000| Untracked 
|  54|0x0000000083600000, 0x0000000083600000, 0x0000000083700000|  0%| F|  |TAMS 0x0000000083600000, 0x0000000083600000| Untracked 
|  55|0x0000000083700000, 0x0000000083700000, 0x0000000083800000|  0%| F|  |TAMS 0x0000000083700000, 0x0000000083700000| Untracked 
|  56|0x0000000083800000, 0x0000000083800000, 0x0000000083900000|  0%| F|  |TAMS 0x0000000083800000, 0x0000000083800000| Untracked 
|  57|0x0000000083900000, 0x0000000083900000, 0x0000000083a00000|  0%| F|  |TAMS 0x0000000083900000, 0x0000000083900000| Untracked 
|  58|0x0000000083a00000, 0x0000000083a00000, 0x0000000083b00000|  0%| F|  |TAMS 0x0000000083a00000, 0x0000000083a00000| Untracked 
|  59|0x0000000083b00000, 0x0000000083b00000, 0x0000000083c00000|  0%| F|  |TAMS 0x0000000083b00000, 0x0000000083b00000| Untracked 
|  60|0x0000000083c00000, 0x0000000083c00000, 0x0000000083d00000|  0%| F|  |TAMS 0x0000000083c00000, 0x0000000083c00000| Untracked 
|  61|0x0000000083d00000, 0x0000000083d00000, 0x0000000083e00000|  0%| F|  |TAMS 0x0000000083d00000, 0x0000000083d00000| Untracked 
|  62|0x0000000083e00000, 0x0000000083ed7858, 0x0000000083f00000| 84%| S|CS|TAMS 0x0000000083e00000, 0x0000000083e00000| Complete 
|  63|0x0000000083f00000, 0x0000000083f00000, 0x0000000084000000|  0%| F|  |TAMS 0x0000000083f00000, 0x0000000083f00000| Untracked 
|  64|0x0000000084000000, 0x0000000084000000, 0x0000000084100000|  0%| F|  |TAMS 0x0000000084000000, 0x0000000084000000| Untracked 
|  65|0x0000000084100000, 0x0000000084200000, 0x0000000084200000|100%| S|CS|TAMS 0x0000000084100000, 0x0000000084100000| Complete 
|  66|0x0000000084200000, 0x0000000084200000, 0x0000000084300000|  0%| F|  |TAMS 0x0000000084200000, 0x0000000084200000| Untracked 
|  67|0x0000000084300000, 0x0000000084300000, 0x0000000084400000|  0%| F|  |TAMS 0x0000000084300000, 0x0000000084300000| Untracked 
|  68|0x0000000084400000, 0x0000000084400000, 0x0000000084500000|  0%| F|  |TAMS 0x0000000084400000, 0x0000000084400000| Untracked 
|  69|0x0000000084500000, 0x0000000084500000, 0x0000000084600000|  0%| F|  |TAMS 0x0000000084500000, 0x0000000084500000| Untracked 
|  70|0x0000000084600000, 0x0000000084600000, 0x0000000084700000|  0%| F|  |TAMS 0x0000000084600000, 0x0000000084600000| Untracked 
|  71|0x0000000084700000, 0x0000000084700000, 0x0000000084800000|  0%| F|  |TAMS 0x0000000084700000, 0x0000000084700000| Untracked 
|  72|0x0000000084800000, 0x0000000084800000, 0x0000000084900000|  0%| F|  |TAMS 0x0000000084800000, 0x0000000084800000| Untracked 
|  73|0x0000000084900000, 0x000000008498a158, 0x0000000084a00000| 53%| E|  |TAMS 0x0000000084900000, 0x0000000084900000| Complete 

Card table byte_map: [0x000001fa77590000,0x000001fa77990000] _byte_map_base: 0x000001fa77190000

Marking Bits (Prev, Next): (CMBitMap*) 0x000001fa73d0b6d0, (CMBitMap*) 0x000001fa73d0b710
 Prev Bits: [0x000001fa77d90000, 0x000001fa79d90000)
 Next Bits: [0x000001fa79d90000, 0x000001fa7bd90000)

Polling page: 0x000001fa71c40000

Metaspace:

Usage:
  Non-class:     48.24 MB used.
      Class:      7.65 MB used.
       Both:     55.89 MB used.

Virtual space:
  Non-class space:       64.00 MB reserved,      48.56 MB ( 76%) committed,  1 nodes.
      Class space:        1.00 GB reserved,       7.94 MB ( <1%) committed,  1 nodes.
             Both:        1.06 GB reserved,      56.50 MB (  5%) committed. 

Chunk freelists:
   Non-Class:  15.47 MB
       Class:  8.11 MB
        Both:  23.58 MB

MaxMetaspaceSize: unlimited
CompressedClassSpaceSize: 1.00 GB
Initial GC threshold: 21.00 MB
Current GC threshold: 93.25 MB
CDS: off
MetaspaceReclaimPolicy: balanced
 - commit_granule_bytes: 65536.
 - commit_granule_words: 8192.
 - virtual_space_node_default_size: 8388608.
 - enlarge_chunks_in_place: 1.
 - new_chunks_are_fully_committed: 0.
 - uncommit_free_chunks: 1.
 - use_allocation_guard: 0.
 - handle_deallocations: 1.


Internal statistics:

num_allocs_failed_limit: 6.
num_arena_births: 658.
num_arena_deaths: 0.
num_vsnodes_births: 2.
num_vsnodes_deaths: 0.
num_space_committed: 904.
num_space_uncommitted: 0.
num_chunks_returned_to_freelist: 6.
num_chunks_taken_from_freelist: 2593.
num_chunk_merges: 6.
num_chunk_splits: 1699.
num_chunks_enlarged: 1129.
num_inconsistent_stats: 0.

CodeHeap 'non-profiled nmethods': size=120000Kb used=2676Kb max_used=3148Kb free=117323Kb
 bounds [0x000001fa07ad0000, 0x000001fa07df0000, 0x000001fa0f000000]
CodeHeap 'profiled nmethods': size=120000Kb used=11060Kb max_used=11060Kb free=108940Kb
 bounds [0x000001fa00000000, 0x000001fa00ae0000, 0x000001fa07530000]
CodeHeap 'non-nmethods': size=5760Kb used=1643Kb max_used=1677Kb free=4116Kb
 bounds [0x000001fa07530000, 0x000001fa077a0000, 0x000001fa07ad0000]
 total_blobs=6612 nmethods=5909 adapters=613
 compilation: enabled
              stopped_count=0, restarted_count=0
 full_count=0

Compilation events (20 events):
Event: 22.080 Thread 0x000001fa7e2abc80 6691       4       java.lang.Character::charCount (12 bytes)
Event: 22.080 Thread 0x000001fa7e2afb40 nmethod 6689 0x000001fa00acb590 code [0x000001fa00acb740, 0x000001fa00acb938]
Event: 22.080 Thread 0x000001fa7e2afb40 6690       3       java.lang.CharacterDataLatin1::isJavaIdentifierPart (20 bytes)
Event: 22.080 Thread 0x000001fa7e2abc80 nmethod 6691 0x000001fa07b60690 code [0x000001fa07b60800, 0x000001fa07b60878]
Event: 22.080 Thread 0x000001fa7e2afb40 nmethod 6690 0x000001fa00acba10 code [0x000001fa00acbbc0, 0x000001fa00acbdd8]
Event: 22.082 Thread 0x000001fa7e2abc80 6692       4       java.net.URLStreamHandler::setURL (73 bytes)
Event: 22.090 Thread 0x000001fa7e2afb40 6693       3       jdk.internal.reflect.Reflection::verifyModuleAccess (24 bytes)
Event: 22.090 Thread 0x000001fa7e2afb40 nmethod 6693 0x000001fa00acbf10 code [0x000001fa00acc120, 0x000001fa00acc658]
Event: 22.098 Thread 0x000001fa7e2abc80 nmethod 6692 0x000001fa07b5f510 code [0x000001fa07b5f6c0, 0x000001fa07b60208]
Event: 22.099 Thread 0x000001fa7e2afb40 6694       3       java.lang.reflect.AccessibleObject::slowVerifyAccess (67 bytes)
Event: 22.100 Thread 0x000001fa7e2afb40 nmethod 6694 0x000001fa00acc890 code [0x000001fa00accaa0, 0x000001fa00acd208]
Event: 22.104 Thread 0x000001fa7e2afb40 6695   !   3       java.util.zip.ZipFile::getInputStream (275 bytes)
Event: 22.105 Thread 0x000001fa7e2afb40 nmethod 6695 0x000001fa00acd410 code [0x000001fa00acd700, 0x000001fa00ace888]
Event: 22.113 Thread 0x000001fa7e2abc80 6696   !   4       java.util.zip.ZipFile$CleanableResource::getInflater (47 bytes)
Event: 22.118 Thread 0x000001fa7e2abc80 nmethod 6696 0x000001fa07b5e910 code [0x000001fa07b5eac0, 0x000001fa07b5f1b8]
Event: 22.126 Thread 0x000001fa7e2afb40 6697       3       java.lang.Class::getConstructor0 (83 bytes)
Event: 22.127 Thread 0x000001fa7e2afb40 nmethod 6697 0x000001fa00acf390 code [0x000001fa00acf600, 0x000001fa00ad0058]
Event: 22.136 Thread 0x000001fa7e2abc80 6698       4       jdk.internal.loader.Resource::getByteBuffer (24 bytes)
Event: 22.202 Thread 0x000001fa7e2afb40 6699       3       jdk.internal.loader.URLClassPath$1::next (59 bytes)
Event: 22.202 Thread 0x000001fa7e2afb40 nmethod 6699 0x000001fa00ad0510 code [0x000001fa00ad06e0, 0x000001fa00ad0af8]

GC Heap History (20 events):
Event: 12.921 GC heap before
{Heap before GC invocations=15 (full 0):
 garbage-first heap   total 61440K, used 48834K [0x0000000080000000, 0x0000000100000000)
  region size 1024K, 20 young (20480K), 2 survivors (2048K)
 Metaspace       used 42518K, committed 42880K, reserved 1114112K
  class space    used 5656K, committed 5824K, reserved 1048576K
}
Event: 12.924 GC heap after
{Heap after GC invocations=16 (full 0):
 garbage-first heap   total 61440K, used 30890K [0x0000000080000000, 0x0000000100000000)
  region size 1024K, 3 young (3072K), 3 survivors (3072K)
 Metaspace       used 42518K, committed 42880K, reserved 1114112K
  class space    used 5656K, committed 5824K, reserved 1048576K
}
Event: 14.102 GC heap before
{Heap before GC invocations=17 (full 0):
 garbage-first heap   total 61440K, used 48298K [0x0000000080000000, 0x0000000100000000)
  region size 1024K, 21 young (21504K), 3 survivors (3072K)
 Metaspace       used 44932K, committed 45376K, reserved 1114112K
  class space    used 6060K, committed 6272K, reserved 1048576K
}
Event: 14.107 GC heap after
{Heap after GC invocations=18 (full 0):
 garbage-first heap   total 61440K, used 32384K [0x0000000080000000, 0x0000000100000000)
  region size 1024K, 3 young (3072K), 3 survivors (3072K)
 Metaspace       used 44932K, committed 45376K, reserved 1114112K
  class space    used 6060K, committed 6272K, reserved 1048576K
}
Event: 14.722 GC heap before
{Heap before GC invocations=18 (full 0):
 garbage-first heap   total 61440K, used 47744K [0x0000000080000000, 0x0000000100000000)
  region size 1024K, 19 young (19456K), 3 survivors (3072K)
 Metaspace       used 46969K, committed 47424K, reserved 1114112K
  class space    used 6392K, committed 6592K, reserved 1048576K
}
Event: 14.729 GC heap after
{Heap after GC invocations=19 (full 0):
 garbage-first heap   total 61440K, used 33403K [0x0000000080000000, 0x0000000100000000)
  region size 1024K, 2 young (2048K), 2 survivors (2048K)
 Metaspace       used 46969K, committed 47424K, reserved 1114112K
  class space    used 6392K, committed 6592K, reserved 1048576K
}
Event: 15.146 GC heap before
{Heap before GC invocations=20 (full 0):
 garbage-first heap   total 61440K, used 48763K [0x0000000080000000, 0x0000000100000000)
  region size 1024K, 17 young (17408K), 2 survivors (2048K)
 Metaspace       used 49060K, committed 49536K, reserved 1114112K
  class space    used 6739K, committed 6976K, reserved 1048576K
}
Event: 15.149 GC heap after
{Heap after GC invocations=21 (full 0):
 garbage-first heap   total 61440K, used 33893K [0x0000000080000000, 0x0000000100000000)
  region size 1024K, 2 young (2048K), 2 survivors (2048K)
 Metaspace       used 49060K, committed 49536K, reserved 1114112K
  class space    used 6739K, committed 6976K, reserved 1048576K
}
Event: 16.454 GC heap before
{Heap before GC invocations=21 (full 0):
 garbage-first heap   total 61440K, used 49253K [0x0000000080000000, 0x0000000100000000)
  region size 1024K, 18 young (18432K), 2 survivors (2048K)
 Metaspace       used 51065K, committed 51456K, reserved 1114112K
  class space    used 7057K, committed 7232K, reserved 1048576K
}
Event: 16.458 GC heap after
{Heap after GC invocations=22 (full 0):
 garbage-first heap   total 61440K, used 34984K [0x0000000080000000, 0x0000000100000000)
  region size 1024K, 3 young (3072K), 3 survivors (3072K)
 Metaspace       used 51065K, committed 51456K, reserved 1114112K
  class space    used 7057K, committed 7232K, reserved 1048576K
}
Event: 16.788 GC heap before
{Heap before GC invocations=23 (full 0):
 garbage-first heap   total 63488K, used 45224K [0x0000000080000000, 0x0000000100000000)
  region size 1024K, 15 young (15360K), 3 survivors (3072K)
 Metaspace       used 52390K, committed 52864K, reserved 1114112K
  class space    used 7276K, committed 7488K, reserved 1048576K
}
Event: 16.795 GC heap after
{Heap after GC invocations=24 (full 0):
 garbage-first heap   total 63488K, used 35812K [0x0000000080000000, 0x0000000100000000)
  region size 1024K, 2 young (2048K), 2 survivors (2048K)
 Metaspace       used 52390K, committed 52864K, reserved 1114112K
  class space    used 7276K, committed 7488K, reserved 1048576K
}
Event: 17.459 GC heap before
{Heap before GC invocations=25 (full 0):
 garbage-first heap   total 66560K, used 54244K [0x0000000080000000, 0x0000000100000000)
  region size 1024K, 18 young (18432K), 2 survivors (2048K)
 Metaspace       used 54897K, committed 55424K, reserved 1114112K
  class space    used 7549K, committed 7808K, reserved 1048576K
}
Event: 17.464 GC heap after
{Heap after GC invocations=26 (full 0):
 garbage-first heap   total 66560K, used 36412K [0x0000000080000000, 0x0000000100000000)
  region size 1024K, 2 young (2048K), 2 survivors (2048K)
 Metaspace       used 54897K, committed 55424K, reserved 1114112K
  class space    used 7549K, committed 7808K, reserved 1048576K
}
Event: 19.602 GC heap before
{Heap before GC invocations=26 (full 0):
 garbage-first heap   total 66560K, used 52796K [0x0000000080000000, 0x0000000100000000)
  region size 1024K, 19 young (19456K), 2 survivors (2048K)
 Metaspace       used 55977K, committed 56512K, reserved 1114112K
  class space    used 7670K, committed 7936K, reserved 1048576K
}
Event: 19.609 GC heap after
{Heap after GC invocations=27 (full 0):
 garbage-first heap   total 66560K, used 38359K [0x0000000080000000, 0x0000000100000000)
  region size 1024K, 3 young (3072K), 3 survivors (3072K)
 Metaspace       used 55977K, committed 56512K, reserved 1114112K
  class space    used 7670K, committed 7936K, reserved 1048576K
}
Event: 20.951 GC heap before
{Heap before GC invocations=28 (full 0):
 garbage-first heap   total 66560K, used 52695K [0x0000000080000000, 0x0000000100000000)
  region size 1024K, 18 young (18432K), 3 survivors (3072K)
 Metaspace       used 56457K, committed 57024K, reserved 1114112K
  class space    used 7732K, committed 8000K, reserved 1048576K
}
Event: 20.963 GC heap after
{Heap after GC invocations=29 (full 0):
 garbage-first heap   total 66560K, used 41723K [0x0000000080000000, 0x0000000100000000)
  region size 1024K, 3 young (3072K), 3 survivors (3072K)
 Metaspace       used 56457K, committed 57024K, reserved 1114112K
  class space    used 7732K, committed 8000K, reserved 1048576K
}
Event: 21.311 GC heap before
{Heap before GC invocations=29 (full 0):
 garbage-first heap   total 66560K, used 52987K [0x0000000080000000, 0x0000000100000000)
  region size 1024K, 14 young (14336K), 3 survivors (3072K)
 Metaspace       used 56621K, committed 57152K, reserved 1114112K
  class space    used 7735K, committed 8000K, reserved 1048576K
}
Event: 21.320 GC heap after
{Heap after GC invocations=30 (full 0):
 garbage-first heap   total 66560K, used 42894K [0x0000000080000000, 0x0000000100000000)
  region size 1024K, 2 young (2048K), 2 survivors (2048K)
 Metaspace       used 56621K, committed 57152K, reserved 1114112K
  class space    used 7735K, committed 8000K, reserved 1048576K
}

Dll operation events (3 events):
Event: 0.024 Loaded shared library C:\Program Files\Android\Android Studio\jbr\bin\java.dll
Event: 0.164 Loaded shared library C:\Program Files\Android\Android Studio\jbr\bin\zip.dll
Event: 0.758 Loaded shared library C:\Program Files\Android\Android Studio\jbr\bin\verify.dll

Deoptimization events (20 events):
Event: 21.937 Thread 0x000001fa13962910 Uncommon trap: trap_request=0xffffff76 fr.pc=0x000001fa07d355a4 relative=0x0000000000000204
Event: 21.937 Thread 0x000001fa13962910 Uncommon trap: reason=predicate action=maybe_recompile pc=0x000001fa07d355a4 method=sun.instrument.TransformerManager.transform(Ljava/lang/Module;Ljava/lang/ClassLoader;Ljava/lang/String;Ljava/lang/Class;Ljava/security/ProtectionDomain;[B)[B @ 21 c2
Event: 21.937 Thread 0x000001fa13962910 DEOPT PACKING pc=0x000001fa07d355a4 sp=0x00000063c35f70f0
Event: 21.938 Thread 0x000001fa13962910 DEOPT UNPACKING pc=0x000001fa0758a1a3 sp=0x00000063c35f7000 mode 2
Event: 21.938 Thread 0x000001fa13962910 Uncommon trap: trap_request=0xffffff45 fr.pc=0x000001fa07d3634c relative=0x00000000000000ac
Event: 21.938 Thread 0x000001fa13962910 Uncommon trap: reason=unstable_if action=reinterpret pc=0x000001fa07d3634c method=org.gradle.internal.agents.DefaultClassFileTransformer.transform(Ljava/lang/ClassLoader;Ljava/lang/String;Ljava/lang/Class;Ljava/security/ProtectionDomain;[B)[B @ 4 c2
Event: 21.938 Thread 0x000001fa13962910 DEOPT PACKING pc=0x000001fa07d3634c sp=0x00000063c35f6fb0
Event: 21.938 Thread 0x000001fa13962910 DEOPT UNPACKING pc=0x000001fa0758a1a3 sp=0x00000063c35f6ec8 mode 2
Event: 21.971 Thread 0x000001fa13962910 Uncommon trap: trap_request=0xffffff76 fr.pc=0x000001fa07d35dc0 relative=0x00000000000001a0
Event: 21.971 Thread 0x000001fa13962910 Uncommon trap: reason=predicate action=maybe_recompile pc=0x000001fa07d35dc0 method=sun.instrument.TransformerManager.transform(Ljava/lang/Module;Ljava/lang/ClassLoader;Ljava/lang/String;Ljava/lang/Class;Ljava/security/ProtectionDomain;[B)[B @ 21 c2
Event: 21.971 Thread 0x000001fa13962910 DEOPT PACKING pc=0x000001fa07d35dc0 sp=0x00000063c35f5550
Event: 21.971 Thread 0x000001fa13962910 DEOPT UNPACKING pc=0x000001fa0758a1a3 sp=0x00000063c35f54f8 mode 2
Event: 21.976 Thread 0x000001fa13962910 Uncommon trap: trap_request=0xffffffc6 fr.pc=0x000001fa07cac070 relative=0x00000000000001b0
Event: 21.976 Thread 0x000001fa13962910 Uncommon trap: reason=bimorphic_or_optimized_type_check action=maybe_recompile pc=0x000001fa07cac070 method=com.google.common.collect.ImmutableList.copyOf(Ljava/util/Collection;)Lcom/google/common/collect/ImmutableList; @ 16 c2
Event: 21.976 Thread 0x000001fa13962910 DEOPT PACKING pc=0x000001fa07cac070 sp=0x00000063c35f89f0
Event: 21.976 Thread 0x000001fa13962910 DEOPT UNPACKING pc=0x000001fa0758a1a3 sp=0x00000063c35f8998 mode 2
Event: 21.978 Thread 0x000001fa13962910 Uncommon trap: trap_request=0xffffffc6 fr.pc=0x000001fa07cac070 relative=0x00000000000001b0
Event: 21.978 Thread 0x000001fa13962910 Uncommon trap: reason=bimorphic_or_optimized_type_check action=maybe_recompile pc=0x000001fa07cac070 method=com.google.common.collect.ImmutableList.copyOf(Ljava/util/Collection;)Lcom/google/common/collect/ImmutableList; @ 16 c2
Event: 21.978 Thread 0x000001fa13962910 DEOPT PACKING pc=0x000001fa07cac070 sp=0x00000063c35f8160
Event: 21.978 Thread 0x000001fa13962910 DEOPT UNPACKING pc=0x000001fa0758a1a3 sp=0x00000063c35f8108 mode 2

Classes unloaded (0 events):
No events

Classes redefined (0 events):
No events

Internal exceptions (20 events):
Event: 17.214 Thread 0x000001fa13962910 Exception <a 'java/lang/NoSuchMethodError'{0x00000000837f16a0}: 'void java.lang.invoke.DirectMethodHandle$Holder.invokeSpecial(java.lang.Object, java.lang.Object, java.lang.Object, int)'> (0x00000000837f16a0) 
thrown [s\src\hotspot\share\interpreter\linkResolver.cpp, line 771]
Event: 17.370 Thread 0x000001fa13962910 Exception <a 'java/lang/NoSuchMethodError'{0x00000000833bea80}: 'int java.lang.invoke.DirectMethodHandle$Holder.invokeSpecialIFC(java.lang.Object, java.lang.Object, java.lang.Object)'> (0x00000000833bea80) 
thrown [s\src\hotspot\share\interpreter\linkResolver.cpp, line 771]
Event: 17.762 Thread 0x000001fa13962910 Exception <a 'java/lang/NoSuchMethodError'{0x0000000083f6c380}: 'java.lang.Object java.lang.invoke.DirectMethodHandle$Holder.newInvokeSpecial(java.lang.Object, java.lang.Object, java.lang.Object, java.lang.Object, java.lang.Object, int)'> (0x0000000083f6c380) 
thrown [s\src\hotspot\share\interpreter\linkResolver.cpp, line 771]
Event: 17.768 Thread 0x000001fa13962910 Exception <a 'java/lang/NoSuchMethodError'{0x0000000083f717d8}: 'java.lang.Object java.lang.invoke.DirectMethodHandle$Holder.invokeSpecial(java.lang.Object, java.lang.Object, java.lang.Object, java.lang.Object, java.lang.Object, java.lang.Object, int)'> (0x0000000083f717d8) 
thrown [s\src\hotspot\share\interpreter\linkResolver.cpp, line 771]
Event: 17.769 Thread 0x000001fa13962910 Exception <a 'java/lang/NoSuchMethodError'{0x0000000083f765b8}: 'java.lang.Object java.lang.invoke.Invokers$Holder.linkToTargetMethod(java.lang.Object, java.lang.Object, java.lang.Object, java.lang.Object, int, java.lang.Object)'> (0x0000000083f765b8) 
thrown [s\src\hotspot\share\interpreter\linkResolver.cpp, line 771]
Event: 17.847 Thread 0x000001fa13962910 Exception <a 'java/lang/NoSuchMethodError'{0x0000000083fa94d0}: 'java.lang.Object java.lang.invoke.DirectMethodHandle$Holder.invokeSpecial(java.lang.Object, java.lang.Object, java.lang.Object, java.lang.Object, java.lang.Object, long)'> (0x0000000083fa94d0) 
thrown [s\src\hotspot\share\interpreter\linkResolver.cpp, line 771]
Event: 17.854 Thread 0x000001fa13962910 Exception <a 'java/lang/NoSuchMethodError'{0x0000000083fcc8c8}: 'void java.lang.invoke.DirectMethodHandle$Holder.invokeStatic(java.lang.Object, java.lang.Object, java.lang.Object, int, java.lang.Object)'> (0x0000000083fcc8c8) 
thrown [s\src\hotspot\share\interpreter\linkResolver.cpp, line 771]
Event: 19.720 Thread 0x000001fa13962910 Exception <a 'java/lang/NoSuchMethodError'{0x0000000083f224f0}: 'java.lang.Object java.lang.invoke.DirectMethodHandle$Holder.newInvokeSpecial(java.lang.Object, java.lang.Object, java.lang.Object, java.lang.Object, int, java.lang.Object)'> (0x0000000083f224f0) 
thrown [s\src\hotspot\share\interpreter\linkResolver.cpp, line 771]
Event: 19.721 Thread 0x000001fa13962910 Exception <a 'java/lang/NoSuchMethodError'{0x0000000083f27848}: 'java.lang.Object java.lang.invoke.Invokers$Holder.linkToTargetMethod(java.lang.Object, java.lang.Object, java.lang.Object, int, java.lang.Object, java.lang.Object)'> (0x0000000083f27848) 
thrown [s\src\hotspot\share\interpreter\linkResolver.cpp, line 771]
Event: 21.358 Thread 0x000001fa13962910 Exception <a 'java/lang/NoSuchMethodError'{0x00000000840b2028}: 'long java.lang.invoke.DirectMethodHandle$Holder.invokeVirtual(java.lang.Object, java.lang.Object)'> (0x00000000840b2028) 
thrown [s\src\hotspot\share\interpreter\linkResolver.cpp, line 771]
Event: 21.373 Thread 0x000001fa13960fc0 Exception <a 'java/lang/NoSuchMethodError'{0x00000000840f2f50}: static Lorg/gradle/internal/build/event/types/DefaultOperationFinishedProgressEvent;.<clinit>()V> (0x00000000840f2f50) 
thrown [s\src\hotspot\share\prims\jni.cpp, line 1127]
Event: 21.389 Thread 0x000001fa13960fc0 Exception <a 'java/lang/NoSuchMethodError'{0x0000000083f37a98}: static Lorg/gradle/internal/build/event/types/DefaultProjectConfigurationSuccessResult;.<clinit>()V> (0x0000000083f37a98) 
thrown [s\src\hotspot\share\prims\jni.cpp, line 1127]
Event: 21.390 Thread 0x000001fa13960fc0 Exception <a 'java/lang/NoSuchMethodError'{0x0000000083f3c478}: static Lorg/gradle/internal/build/event/types/AbstractProjectConfigurationResult;.<clinit>()V> (0x0000000083f3c478) 
thrown [s\src\hotspot\share\prims\jni.cpp, line 1127]
Event: 21.390 Thread 0x000001fa13960fc0 Exception <a 'java/lang/NoSuchMethodError'{0x0000000083f3dbc0}: static Lorg/gradle/internal/build/event/types/AbstractOperationResult;.<clinit>()V> (0x0000000083f3dbc0) 
thrown [s\src\hotspot\share\prims\jni.cpp, line 1127]
Event: 21.393 Thread 0x000001fa13960fc0 Exception <a 'java/lang/NoSuchMethodError'{0x0000000083f3f010}: static Lorg/gradle/internal/build/event/types/AbstractResult;.<clinit>()V> (0x0000000083f3f010) 
thrown [s\src\hotspot\share\prims\jni.cpp, line 1127]
Event: 21.397 Thread 0x000001fa13960fc0 Exception <a 'java/lang/NoSuchMethodError'{0x0000000083f57f38}: static Lorg/gradle/internal/build/event/types/DefaultPluginApplicationResult;.<clinit>()V> (0x0000000083f57f38) 
thrown [s\src\hotspot\share\prims\jni.cpp, line 1127]
Event: 21.398 Thread 0x000001fa13960fc0 Exception <a 'java/lang/NoSuchMethodError'{0x0000000083f64928}: static Lorg/gradle/internal/build/event/types/DefaultBinaryPluginIdentifier;.<clinit>()V> (0x0000000083f64928) 
thrown [s\src\hotspot\share\prims\jni.cpp, line 1127]
Event: 21.403 Thread 0x000001fa13960fc0 Exception <a 'java/lang/NoSuchMethodError'{0x0000000083f98488}: static Lorg/gradle/internal/build/event/types/DefaultScriptPluginIdentifier;.<clinit>()V> (0x0000000083f98488) 
thrown [s\src\hotspot\share\prims\jni.cpp, line 1127]
Event: 21.999 Thread 0x000001fa13962910 Exception <a 'java/lang/NoSuchMethodError'{0x00000000845c21c0}: 'void java.lang.invoke.Invokers$Holder.invoke_MT(java.lang.Object, java.lang.Object, java.lang.Object, java.lang.Object)'> (0x00000000845c21c0) 
thrown [s\src\hotspot\share\interpreter\linkResolver.cpp, line 771]
Event: 22.048 Thread 0x000001fa13962910 Exception <a 'java/lang/NoSuchMethodError'{0x0000000084442028}: 'java.lang.Object java.lang.invoke.DirectMethodHandle$Holder.invokeSpecial(java.lang.Object, java.lang.Object, java.lang.Object, int, java.lang.Object, java.lang.Object)'> (0x0000000084442028) 
thrown [s\src\hotspot\share\interpreter\linkResolver.cpp, line 771]

VM Operations (20 events):
Event: 19.139 Executing VM operation: HandshakeAllThreads
Event: 19.139 Executing VM operation: HandshakeAllThreads done
Event: 19.162 Executing VM operation: HandshakeAllThreads
Event: 19.163 Executing VM operation: HandshakeAllThreads done
Event: 19.601 Executing VM operation: G1CollectForAllocation
Event: 19.610 Executing VM operation: G1CollectForAllocation done
Event: 19.662 Executing VM operation: G1PauseRemark
Event: 19.676 Executing VM operation: G1PauseRemark done
Event: 19.702 Executing VM operation: G1PauseCleanup
Event: 19.702 Executing VM operation: G1PauseCleanup done
Event: 20.704 Executing VM operation: Cleanup
Event: 20.705 Executing VM operation: Cleanup done
Event: 20.951 Executing VM operation: G1CollectForAllocation
Event: 20.964 Executing VM operation: G1CollectForAllocation done
Event: 21.311 Executing VM operation: G1CollectForAllocation
Event: 21.326 Executing VM operation: G1CollectForAllocation done
Event: 21.378 Executing VM operation: G1PauseRemark
Event: 21.382 Executing VM operation: G1PauseRemark done
Event: 21.410 Executing VM operation: G1PauseCleanup
Event: 21.410 Executing VM operation: G1PauseCleanup done

Events (20 events):
Event: 19.169 Thread 0x000001fa7e2b2860 flushing nmethod 0x000001fa009bdc90
Event: 19.169 Thread 0x000001fa7e2b2860 flushing nmethod 0x000001fa009be690
Event: 19.169 Thread 0x000001fa7e2b2860 flushing nmethod 0x000001fa009c3590
Event: 19.169 Thread 0x000001fa7e2b2860 flushing nmethod 0x000001fa009c3f10
Event: 19.169 Thread 0x000001fa7e2b2860 flushing nmethod 0x000001fa009c7210
Event: 19.169 Thread 0x000001fa7e2b2860 flushing nmethod 0x000001fa009cb410
Event: 19.169 Thread 0x000001fa7e2b2860 flushing nmethod 0x000001fa009d5f90
Event: 19.169 Thread 0x000001fa7e2b2860 flushing nmethod 0x000001fa00a49b10
Event: 19.300 Thread 0x000001fa14b315b0 Thread added: 0x000001fa14b315b0
Event: 19.300 Thread 0x000001fa14b324e0 Thread added: 0x000001fa14b324e0
Event: 19.301 Thread 0x000001fa14b31ac0 Thread added: 0x000001fa14b31ac0
Event: 19.777 Thread 0x000001fa14b2b580 Thread added: 0x000001fa14b2b580
Event: 19.783 Thread 0x000001fa14b2d3e0 Thread added: 0x000001fa14b2d3e0
Event: 19.795 Thread 0x000001fa14b2c9c0 Thread added: 0x000001fa14b2c9c0
Event: 21.360 loading class java/util/stream/SortedOps$RefSortingSink
Event: 21.367 loading class java/util/stream/SortedOps$RefSortingSink done
Event: 21.399 loading class java/time/Ser
Event: 21.401 loading class java/time/Ser done
Event: 22.044 loading class java/lang/ProcessBuilder
Event: 22.045 loading class java/lang/ProcessBuilder done


Dynamic libraries:
0x00007ff71dbb0000 - 0x00007ff71dbba000 	C:\Program Files\Android\Android Studio\jbr\bin\java.exe
0x00007fff99e30000 - 0x00007fff9a028000 	C:\Windows\SYSTEM32\ntdll.dll
0x00007fff998f0000 - 0x00007fff999b2000 	C:\Windows\System32\KERNEL32.DLL
0x00007fff976b0000 - 0x00007fff979ae000 	C:\Windows\System32\KERNELBASE.dll
0x00007fff97b00000 - 0x00007fff97c00000 	C:\Windows\System32\ucrtbase.dll
0x00007fff90140000 - 0x00007fff9015b000 	C:\Program Files\Android\Android Studio\jbr\bin\VCRUNTIME140.dll
0x00007fff769f0000 - 0x00007fff76a07000 	C:\Program Files\Android\Android Studio\jbr\bin\jli.dll
0x00007fff999c0000 - 0x00007fff99b5d000 	C:\Windows\System32\USER32.dll
0x00007fff979b0000 - 0x00007fff979d2000 	C:\Windows\System32\win32u.dll
0x00007fff98000000 - 0x00007fff9802b000 	C:\Windows\System32\GDI32.dll
0x00007fff979e0000 - 0x00007fff97af7000 	C:\Windows\System32\gdi32full.dll
0x00007fff97cb0000 - 0x00007fff97d4d000 	C:\Windows\System32\msvcp_win.dll
0x00007fff83d30000 - 0x00007fff83fca000 	C:\Windows\WinSxS\amd64_microsoft.windows.common-controls_6595b64144ccf1df_6.0.19041.4355_none_60b8b9eb71f62e16\COMCTL32.dll
0x00007fff97f60000 - 0x00007fff97ffe000 	C:\Windows\System32\msvcrt.dll
0x00007fff98100000 - 0x00007fff9812f000 	C:\Windows\System32\IMM32.DLL
0x00007fff91490000 - 0x00007fff9149c000 	C:\Program Files\Android\Android Studio\jbr\bin\vcruntime140_1.dll
0x00007fff5d4e0000 - 0x00007fff5d56d000 	C:\Program Files\Android\Android Studio\jbr\bin\msvcp140.dll
0x00007fff4e3a0000 - 0x00007fff4f023000 	C:\Program Files\Android\Android Studio\jbr\bin\server\jvm.dll
0x00007fff98040000 - 0x00007fff980f2000 	C:\Windows\System32\ADVAPI32.dll
0x00007fff990d0000 - 0x00007fff99170000 	C:\Windows\System32\sechost.dll
0x00007fff98ae0000 - 0x00007fff98c03000 	C:\Windows\System32\RPCRT4.dll
0x00007fff97680000 - 0x00007fff976a7000 	C:\Windows\System32\bcrypt.dll
0x00007fff907f0000 - 0x00007fff907fa000 	C:\Windows\SYSTEM32\VERSION.dll
0x00007fff97330000 - 0x00007fff9737b000 	C:\Windows\SYSTEM32\POWRPROF.dll
0x00007fff7ec80000 - 0x00007fff7eca7000 	C:\Windows\SYSTEM32\WINMM.dll
0x00007fff91c00000 - 0x00007fff91c09000 	C:\Windows\SYSTEM32\WSOCK32.dll
0x00007fff98940000 - 0x00007fff989ab000 	C:\Windows\System32\WS2_32.dll
0x00007fff97310000 - 0x00007fff97322000 	C:\Windows\SYSTEM32\UMPDC.dll
0x00007fff95cb0000 - 0x00007fff95cc2000 	C:\Windows\SYSTEM32\kernel.appcore.dll
0x00007fff901a0000 - 0x00007fff901aa000 	C:\Program Files\Android\Android Studio\jbr\bin\jimage.dll
0x00007fff951f0000 - 0x00007fff953d4000 	C:\Windows\SYSTEM32\DBGHELP.DLL
0x00007fff74ba0000 - 0x00007fff74bd4000 	C:\Windows\SYSTEM32\dbgcore.DLL
0x00007fff97dc0000 - 0x00007fff97e42000 	C:\Windows\System32\bcryptPrimitives.dll
0x00007fff78b30000 - 0x00007fff78b3e000 	C:\Program Files\Android\Android Studio\jbr\bin\instrument.dll
0x00007fff7d7a0000 - 0x00007fff7d7c5000 	C:\Program Files\Android\Android Studio\jbr\bin\java.dll
0x00007fff8f630000 - 0x00007fff8f648000 	C:\Program Files\Android\Android Studio\jbr\bin\zip.dll
0x00007fff99180000 - 0x00007fff998ef000 	C:\Windows\System32\SHELL32.dll
0x00007fff953e0000 - 0x00007fff95b84000 	C:\Windows\SYSTEM32\windows.storage.dll
0x00007fff98c70000 - 0x00007fff98fc3000 	C:\Windows\System32\combase.dll
0x00007fff96d50000 - 0x00007fff96d7e000 	C:\Windows\SYSTEM32\Wldp.dll
0x00007fff98130000 - 0x00007fff981fd000 	C:\Windows\System32\OLEAUT32.dll
0x00007fff98830000 - 0x00007fff988dd000 	C:\Windows\System32\SHCORE.dll
0x00007fff988e0000 - 0x00007fff98935000 	C:\Windows\System32\shlwapi.dll
0x00007fff97400000 - 0x00007fff97424000 	C:\Windows\SYSTEM32\profapi.dll
0x00007fff803f0000 - 0x00007fff80409000 	C:\Program Files\Android\Android Studio\jbr\bin\net.dll
0x00007fff8dce0000 - 0x00007fff8dded000 	C:\Windows\SYSTEM32\WINHTTP.dll
0x00007fff96b30000 - 0x00007fff96b9a000 	C:\Windows\system32\mswsock.dll
0x00007fff7d340000 - 0x00007fff7d356000 	C:\Program Files\Android\Android Studio\jbr\bin\nio.dll
0x00007fff7c8f0000 - 0x00007fff7c900000 	C:\Program Files\Android\Android Studio\jbr\bin\verify.dll
0x00007fff83230000 - 0x00007fff83257000 	C:\Users\Lenovo\.gradle\native\c067742578af261105cb4f569cf0c3c89f3d7b1fecec35dd04571415982c5e48\windows-amd64\native-platform.dll
0x00007fff677f0000 - 0x00007fff67934000 	C:\Users\Lenovo\.gradle\native\38dada09dfb8b06ba9b0570ebf7e218e3eb74d4ef43ca46872605cf95ebc2f47\windows-amd64\native-platform-file-events.dll
0x00007fff8f770000 - 0x00007fff8f779000 	C:\Program Files\Android\Android Studio\jbr\bin\management.dll
0x00007fff7d380000 - 0x00007fff7d38b000 	C:\Program Files\Android\Android Studio\jbr\bin\management_ext.dll
0x00007fff99170000 - 0x00007fff99178000 	C:\Windows\System32\PSAPI.DLL
0x00007fff96d90000 - 0x00007fff96da8000 	C:\Windows\SYSTEM32\CRYPTSP.dll
0x00007fff96470000 - 0x00007fff964a4000 	C:\Windows\system32\rsaenh.dll
0x00007fff97380000 - 0x00007fff973ae000 	C:\Windows\SYSTEM32\USERENV.dll
0x00007fff96cc0000 - 0x00007fff96ccc000 	C:\Windows\SYSTEM32\CRYPTBASE.dll
0x00007fff96830000 - 0x00007fff9686b000 	C:\Windows\SYSTEM32\IPHLPAPI.DLL
0x00007fff98030000 - 0x00007fff98038000 	C:\Windows\System32\NSI.dll
0x00007fff8d140000 - 0x00007fff8d157000 	C:\Windows\SYSTEM32\dhcpcsvc6.DLL
0x00007fff8e500000 - 0x00007fff8e51d000 	C:\Windows\SYSTEM32\dhcpcsvc.DLL
0x00007fff96870000 - 0x00007fff9693a000 	C:\Windows\SYSTEM32\DNSAPI.dll
0x00007fff8fed0000 - 0x00007fff8fed9000 	C:\Program Files\Android\Android Studio\jbr\bin\extnet.dll
0x00007fff81e90000 - 0x00007fff81e97000 	C:\Windows\system32\wshunix.dll

dbghelp: loaded successfully - version: 4.0.5 - missing functions: none
symbol engine: initialized successfully - sym options: 0x614 - pdb path: .;C:\Program Files\Android\Android Studio\jbr\bin;C:\Windows\SYSTEM32;C:\Windows\WinSxS\amd64_microsoft.windows.common-controls_6595b64144ccf1df_6.0.19041.4355_none_60b8b9eb71f62e16;C:\Program Files\Android\Android Studio\jbr\bin\server;C:\Users\Lenovo\.gradle\native\c067742578af261105cb4f569cf0c3c89f3d7b1fecec35dd04571415982c5e48\windows-amd64;C:\Users\Lenovo\.gradle\native\38dada09dfb8b06ba9b0570ebf7e218e3eb74d4ef43ca46872605cf95ebc2f47\windows-amd64

VM Arguments:
jvm_args: --add-opens=java.base/java.util=ALL-UNNAMED --add-opens=java.base/java.lang=ALL-UNNAMED --add-opens=java.base/java.lang.invoke=ALL-UNNAMED --add-opens=java.prefs/java.util.prefs=ALL-UNNAMED --add-opens=java.base/java.nio.charset=ALL-UNNAMED --add-opens=java.base/java.net=ALL-UNNAMED --add-opens=java.base/java.util.concurrent.atomic=ALL-UNNAMED -Xmx2048m -Dfile.encoding=UTF-8 -Duser.country=RU -Duser.language=ru -Duser.variant -javaagent:C:\Users\Lenovo\.gradle\wrapper\dists\gradle-8.7-bin\bhs2wmbdwecv87pi65oeuq5iu\gradle-8.7\lib\agents\gradle-instrumentation-agent-8.7.jar 
java_command: org.gradle.launcher.daemon.bootstrap.GradleDaemon 8.7
java_class_path (initial): C:\Users\Lenovo\.gradle\wrapper\dists\gradle-8.7-bin\bhs2wmbdwecv87pi65oeuq5iu\gradle-8.7\lib\gradle-launcher-8.7.jar
Launcher Type: SUN_STANDARD

[Global flags]
     intx CICompilerCount                          = 3                                         {product} {ergonomic}
     uint ConcGCThreads                            = 1                                         {product} {ergonomic}
     uint G1ConcRefinementThreads                  = 4                                         {product} {ergonomic}
   size_t G1HeapRegionSize                         = 1048576                                   {product} {ergonomic}
    uintx GCDrainStackTargetSize                   = 64                                        {product} {ergonomic}
   size_t InitialHeapSize                          = 62914560                                  {product} {ergonomic}
   size_t MarkStackSize                            = 4194304                                   {product} {ergonomic}
   size_t MaxHeapSize                              = 2147483648                                {product} {command line}
   size_t MaxNewSize                               = 1287651328                                {product} {ergonomic}
   size_t MinHeapDeltaBytes                        = 1048576                                   {product} {ergonomic}
   size_t MinHeapSize                              = 8388608                                   {product} {ergonomic}
    uintx NonNMethodCodeHeapSize                   = 5832780                                {pd product} {ergonomic}
    uintx NonProfiledCodeHeapSize                  = 122912730                              {pd product} {ergonomic}
    uintx ProfiledCodeHeapSize                     = 122912730                              {pd product} {ergonomic}
    uintx ReservedCodeCacheSize                    = 251658240                              {pd product} {ergonomic}
     bool SegmentedCodeCache                       = true                                      {product} {ergonomic}
   size_t SoftMaxHeapSize                          = 2147483648                             {manageable} {ergonomic}
     bool UseCompressedClassPointers               = true                           {product lp64_product} {ergonomic}
     bool UseCompressedOops                        = true                           {product lp64_product} {ergonomic}
     bool UseG1GC                                  = true                                      {product} {ergonomic}
     bool UseLargePagesIndividualAllocation        = false                                  {pd product} {ergonomic}

Logging:
Log output configuration:
 #0: stdout all=warning uptime,level,tags
 #1: stderr all=off uptime,level,tags

Environment Variables:
PATH=C:\Program Files\Common Files\Oracle\Java\javapath;C:\Windows\system32;C:\Windows;C:\Windows\System32\Wbem;C:\Windows\System32\WindowsPowerShell\v1.0\;C:\Windows\System32\OpenSSH\;C:\Program Files\dotnet\;C:\Program Files (x86)\dotnet\;C:\Program Files\Microsoft SQL Server\Client SDK\ODBC\170\Tools\Binn\;C:\Program Files\Azure Data Studio\bin;C:\Program Files\Git\cmd;C:\Users\Lenovo\AppData\Local\Microsoft\WindowsApps;C:\Users\Lenovo\.dotnet\tools;C:\Program Files\Azure Data Studio\bin;C:\Program Files\Azure Data Studio\bin;C:\Program Files\Azure Data Studio\bin;D:\Git;C:\Users\Lenovo\AppData\Local\GitHubDesktop\bin
USERNAME=Lenovo
OS=Windows_NT
PROCESSOR_IDENTIFIER=Intel64 Family 6 Model 126 Stepping 5, GenuineIntel
TMP=C:\Users\Lenovo\AppData\Local\Temp
TEMP=C:\Users\Lenovo\AppData\Local\Temp



Periodic native trim disabled

JNI global refs:
JNI global refs: 26, weak refs: 0

JNI global refs memory usage: 843, weak refs: 209

Process memory usage:
Resident Set Size: 180072K (4% of 3930488K total physical memory with 8756K free physical memory)

OOME stack traces (most recent first):
Classloader memory used:
Loader org.gradle.internal.classloader.VisitableURLClassLoader                         : 3468K
Loader bootstrap                                                                       : 2459K
Loader org.gradle.initialization.MixInLegacyTypesClassLoader                           : 1094K
Loader jdk.internal.loader.ClassLoaders$PlatformClassLoader                            : 67721B
Loader jdk.internal.loader.ClassLoaders$AppClassLoader                                 : 28766B
Loader jdk.internal.reflect.DelegatingClassLoader                                      : 22127B
Loader org.gradle.internal.classloader.VisitableURLClassLoader                         : 14643B
Loader org.gradle.internal.classloader.VisitableURLClassLoader$InstrumentingVisitableURLClassLoader: 924B

Classes loaded by more than one classloader:
Class Program                                                                         : loaded 4 times (x 72B)
Class org.gradle.internal.classpath.ClassPath                                         : loaded 2 times (x 68B)
Class org.gradle.api.internal.classpath.DefaultModuleRegistry                         : loaded 2 times (x 84B)
Class Settings_gradle$1$1                                                             : loaded 2 times (x 72B)
Class org.gradle.api.Action                                                           : loaded 2 times (x 68B)
Class org.gradle.api.internal.DefaultClassPathProvider                                : loaded 2 times (x 74B)
Class org.gradle.internal.installation.GradleInstallation$1                           : loaded 2 times (x 73B)
Class org.gradle.internal.classloader.FilteringClassLoader                            : loaded 2 times (x 103B)
Class org.gradle.internal.classpath.DefaultClassPath$ImmutableUniqueList$Builder      : loaded 2 times (x 73B)
Class org.gradle.internal.classloader.ClassLoaderVisitor                              : loaded 2 times (x 74B)
Class org.gradle.internal.service.DefaultServiceLocator                               : loaded 2 times (x 81B)
Class org.gradle.internal.service.UnknownServiceException                             : loaded 2 times (x 81B)
Class org.gradle.internal.classloader.DefaultClassLoaderFactory                       : loaded 2 times (x 80B)
Class org.gradle.internal.classloader.VisitableURLClassLoader$Spec                    : loaded 2 times (x 72B)
Class org.gradle.api.GradleException                                                  : loaded 2 times (x 80B)
Class org.gradle.api.internal.classpath.ModuleRegistry                                : loaded 2 times (x 68B)
Class org.gradle.api.internal.ClassPathProvider                                       : loaded 2 times (x 68B)
Class org.gradle.internal.classloader.ClasspathUtil$1                                 : loaded 2 times (x 74B)
Class org.gradle.internal.classloader.ClassLoaderFactory                              : loaded 2 times (x 68B)
Class org.gradle.api.internal.classpath.ManifestUtil                                  : loaded 2 times (x 69B)
Class org.gradle.api.specs.Spec                                                       : loaded 2 times (x 68B)
Class org.gradle.internal.IoActions                                                   : loaded 2 times (x 69B)
Class org.gradle.api.internal.classpath.EffectiveClassPath                            : loaded 2 times (x 88B)
Class org.gradle.internal.installation.CurrentGradleInstallation                      : loaded 2 times (x 71B)
Class org.gradle.internal.agents.InstrumentingClassLoader                             : loaded 2 times (x 68B)
Class org.gradle.internal.installation.CurrentGradleInstallationLocator               : loaded 2 times (x 69B)
Class org.gradle.api.internal.classpath.Module                                        : loaded 2 times (x 68B)
Class org.gradle.internal.service.CachingServiceLocator                               : loaded 2 times (x 80B)
Class org.gradle.internal.classpath.DefaultClassPath                                  : loaded 2 times (x 88B)
Class Build_gradle$1                                                                  : loaded 2 times (x 76B)
Class org.gradle.internal.classloader.SystemClassLoaderSpec                           : loaded 2 times (x 69B)
Class org.gradle.api.UncheckedIOException                                             : loaded 2 times (x 80B)
Class org.gradle.internal.installation.GradleInstallation                             : loaded 2 times (x 73B)
Class org.gradle.internal.classloader.ClasspathUtil                                   : loaded 2 times (x 69B)
Class org.gradle.api.internal.DefaultClassPathRegistry                                : loaded 2 times (x 74B)
Class org.gradle.api.internal.classpath.DefaultModuleRegistry$DefaultModule           : loaded 2 times (x 84B)
Class org.gradle.kotlin.dsl.VersionCatalogAccessorsKt                                 : loaded 2 times (x 69B)
Class org.gradle.api.internal.classpath.UnknownModuleException                        : loaded 2 times (x 80B)
Class org.gradle.internal.service.ServiceLookupException                              : loaded 2 times (x 80B)
Class org.gradle.cache.GlobalCache                                                    : loaded 2 times (x 68B)
Class [Lorg.gradle.api.internal.ClassPathProvider;                                    : loaded 2 times (x 67B)
Class org.gradle.util.internal.GUtil                                                  : loaded 2 times (x 69B)
Class org.gradle.internal.classloader.ClassLoaderSpec                                 : loaded 2 times (x 69B)
Class org.gradle.internal.classloader.VisitableURLClassLoader                         : loaded 2 times (x 115B)
Class org.gradle.internal.Cast                                                        : loaded 2 times (x 69B)
Class Build_gradle                                                                    : loaded 2 times (x 70B)
Class org.gradle.api.internal.ClassPathRegistry                                       : loaded 2 times (x 68B)
Class org.gradle.internal.classloader.VisitableURLClassLoader$InstrumentingVisitableURLClassLoader: loaded 2 times (x 121B)
Class org.gradle.internal.classloader.ClassLoaderHierarchy                            : loaded 2 times (x 68B)
Class org.gradle.internal.InternalTransformer                                         : loaded 2 times (x 68B)
Class org.gradle.internal.service.ServiceLocator                                      : loaded 2 times (x 68B)
Class Settings_gradle$1                                                               : loaded 2 times (x 72B)
Class org.gradle.internal.classpath.DefaultClassPath$ImmutableUniqueList              : loaded 2 times (x 159B)
Class org.gradle.internal.classpath.TransformedClassPath                              : loaded 2 times (x 94B)
Class Settings_gradle                                                                 : loaded 2 times (x 126B)


---------------  S Y S T E M  ---------------

OS:
 Windows 10 , 64 bit Build 19041 (10.0.19041.4957)
OS uptime: 0 days 4:50 hours
Hyper-V role detected

CPU: total 4 (initial active 4) (2 cores per cpu, 2 threads per core) family 6 model 126 stepping 5 microcode 0xa0, cx8, cmov, fxsr, ht, mmx, 3dnowpref, sse, sse2, sse3, ssse3, sse4.1, sse4.2, popcnt, lzcnt, tsc, tscinvbit, avx, avx2, aes, erms, clmul, bmi1, bmi2, adx, avx512f, avx512dq, avx512cd, avx512bw, avx512vl, sha, fma, vzeroupper, avx512_vpopcntdq, avx512_vpclmulqdq, avx512_vaes, avx512_vnni, clflush, clflushopt, avx512_vbmi2, avx512_vbmi, hv
Processor Information for all 4 processors :
  Max Mhz: 1190, Current Mhz: 1190, Mhz Limit: 1190

Memory: 4k page, system-wide physical 3838M (6M free)
TotalPageFile size 15614M (AvailPageFile size 4M)
current process WorkingSet (physical memory assigned to process): 176M, peak: 180M
current process commit charge ("private bytes"): 258M, peak: 260M

vm_info: OpenJDK 64-Bit Server VM (17.0.11+0--11852314) for windows-amd64 JRE (17.0.11+0--11852314), built on May 16 2024 21:29:20 by "androidbuild" with MS VC++ 16.10 / 16.11 (VS2019)

END.
